\BOOKMARK [1][-]{section.1}{Revision History}{}% 1
\BOOKMARK [1][-]{section.2}{Introduction}{}% 2
\BOOKMARK [2][-]{subsection.2.1}{Overview}{section.2}% 3
\BOOKMARK [2][-]{subsection.2.2}{Network Control}{section.2}% 4
\BOOKMARK [2][-]{subsection.2.3}{Autonomous Control}{section.2}% 5
\BOOKMARK [2][-]{subsection.2.4}{Scope}{section.2}% 6
\BOOKMARK [1][-]{section.3}{Requirements}{}% 7
\BOOKMARK [2][-]{subsection.3.1}{Network Control}{section.3}% 8
\BOOKMARK [2][-]{subsection.3.2}{Autonomous Control}{section.3}% 9
\BOOKMARK [1][-]{section.4}{System Architecture}{}% 10
\BOOKMARK [2][-]{subsection.4.1}{Hardware Architecture}{section.4}% 11
\BOOKMARK [2][-]{subsection.4.2}{Software Architecture}{section.4}% 12
\BOOKMARK [1][-]{section.5}{System Design}{}% 13
\BOOKMARK [2][-]{subsection.5.1}{Hardware Design}{section.5}% 14
\BOOKMARK [3][-]{subsubsection.5.1.1}{Objectives}{subsection.5.1}% 15
\BOOKMARK [3][-]{subsubsection.5.1.2}{Constraints}{subsection.5.1}% 16
\BOOKMARK [3][-]{subsubsection.5.1.3}{Composition}{subsection.5.1}% 17
\BOOKMARK [3][-]{subsubsection.5.1.4}{Interface}{subsection.5.1}% 18
\BOOKMARK [2][-]{subsection.5.2}{Software Design}{section.5}% 19
\BOOKMARK [3][-]{subsubsection.5.2.1}{Objectives}{subsection.5.2}% 20
\BOOKMARK [3][-]{subsubsection.5.2.2}{Constraints}{subsection.5.2}% 21
\BOOKMARK [3][-]{subsubsection.5.2.3}{Compositions}{subsection.5.2}% 22
\BOOKMARK [3][-]{subsubsection.5.2.4}{Uses and Interactions}{subsection.5.2}% 23
\BOOKMARK [3][-]{subsubsection.5.2.5}{Interface}{subsection.5.2}% 24
\BOOKMARK [3][-]{subsubsection.5.2.6}{Resources}{subsection.5.2}% 25
\BOOKMARK [3][-]{subsubsection.5.2.7}{Base Station Software}{subsection.5.2}% 26
\BOOKMARK [3][-]{subsubsection.5.2.8}{R-Transformation}{subsection.5.2}% 27
\BOOKMARK [3][-]{subsubsection.5.2.9}{M-Transformation}{subsection.5.2}% 28
\BOOKMARK [3][-]{subsubsection.5.2.10}{Human Interface Design}{subsection.5.2}% 29
\BOOKMARK [1][-]{section.6}{Ethical Considerations}{}% 30
\BOOKMARK [1][-]{section.7}{References}{}% 31
\BOOKMARK [1][-]{section.8}{Errata}{}% 32
